Using pre-set license
Built from '2021.3/staging' branch; Version is '2021.3.22f1 (b6c551784ba3) revision 11978065'; Using compiler version '192829333'; Build Type 'Release'
OS: 'Windows 10  (10.0.19045) 64bit Core' Language: 'ko' Physical Memory: 32706 MB
BatchMode: 1, IsHumanControllingUs: 0, StartBugReporterOnCrash: 0, Is64bit: 1, IsPro: 1

COMMAND LINE ARGUMENTS:
C:\Program Files\Unity\Hub\Editor\2021.3.22f1\Editor\Unity.exe
-adb2
-batchMode
-noUpm
-name
AssetImportWorker0
-projectPath
E:/210829
-logFile
Logs/AssetImportWorker0.log
-srvPort
7799
Successfully changed project path to: E:/210829
E:/210829
[UnityMemory] Configuration Parameters - Can be set up in boot.config
    "memorysetup-bucket-allocator-granularity=16"
    "memorysetup-bucket-allocator-bucket-count=8"
    "memorysetup-bucket-allocator-block-size=33554432"
    "memorysetup-bucket-allocator-block-count=8"
    "memorysetup-main-allocator-block-size=16777216"
    "memorysetup-thread-allocator-block-size=16777216"
    "memorysetup-gfx-main-allocator-block-size=16777216"
    "memorysetup-gfx-thread-allocator-block-size=16777216"
    "memorysetup-cache-allocator-block-size=4194304"
    "memorysetup-typetree-allocator-block-size=2097152"
    "memorysetup-profiler-bucket-allocator-granularity=16"
    "memorysetup-profiler-bucket-allocator-bucket-count=8"
    "memorysetup-profiler-bucket-allocator-block-size=33554432"
    "memorysetup-profiler-bucket-allocator-block-count=8"
    "memorysetup-profiler-allocator-block-size=16777216"
    "memorysetup-profiler-editor-allocator-block-size=1048576"
    "memorysetup-temp-allocator-size-main=16777216"
    "memorysetup-job-temp-allocator-block-size=2097152"
    "memorysetup-job-temp-allocator-block-size-background=1048576"
    "memorysetup-job-temp-allocator-reduction-small-platforms=262144"
    "memorysetup-temp-allocator-size-background-worker=32768"
    "memorysetup-temp-allocator-size-job-worker=262144"
    "memorysetup-temp-allocator-size-preload-manager=33554432"
    "memorysetup-temp-allocator-size-nav-mesh-worker=65536"
    "memorysetup-temp-allocator-size-audio-worker=65536"
    "memorysetup-temp-allocator-size-cloud-worker=32768"
    "memorysetup-temp-allocator-size-gi-baking-worker=262144"
    "memorysetup-temp-allocator-size-gfx=262144"
Player connection [72204] Host "[IP] 192.168.0.2 [Port] 0 [Flags] 2 [Guid] 3078045282 [EditorId] 3078045282 [Version] 1048832 [Id] WindowsEditor(7,DESKTOP-P4L4S61) [Debug] 1 [PackageName] WindowsEditor [ProjectName] Editor" joined multi-casting on [225.0.0.222:54997]...

Player connection [72204] Host "[IP] 192.168.0.2 [Port] 0 [Flags] 2 [Guid] 3078045282 [EditorId] 3078045282 [Version] 1048832 [Id] WindowsEditor(7,DESKTOP-P4L4S61) [Debug] 1 [PackageName] WindowsEditor [ProjectName] Editor" joined alternative multi-casting on [225.0.0.222:34997]...

Refreshing native plugins compatible for Editor in 142.53 ms, found 2 plugins.
Preloading 0 native plugins for Editor in 0.00 ms.
Initialize engine version: 2021.3.22f1 (b6c551784ba3)
[Subsystems] Discovering subsystems at path C:/Program Files/Unity/Hub/Editor/2021.3.22f1/Editor/Data/Resources/UnitySubsystems
[Subsystems] Discovering subsystems at path E:/210829/Assets
GfxDevice: creating device client; threaded=0; jobified=0
Direct3D:
    Version:  Direct3D 11.0 [level 11.1]
    Renderer: Radeon RX 570 Series (ID=0x67df)
    Vendor:   ATI
    VRAM:     4074 MB
    Driver:   31.0.14037.1007
Initialize mono
Mono path[0] = 'C:/Program Files/Unity/Hub/Editor/2021.3.22f1/Editor/Data/Managed'
Mono path[1] = 'C:/Program Files/Unity/Hub/Editor/2021.3.22f1/Editor/Data/MonoBleedingEdge/lib/mono/unityjit-win32'
Mono config path = 'C:/Program Files/Unity/Hub/Editor/2021.3.22f1/Editor/Data/MonoBleedingEdge/etc'
Using monoOptions --debugger-agent=transport=dt_socket,embedding=1,server=y,suspend=n,address=127.0.0.1:56024
Begin MonoManager ReloadAssembly
Registering precompiled unity dll's ...
Register platform support module: C:/Program Files/Unity/Hub/Editor/2021.3.22f1/Editor/Data/PlaybackEngines/AndroidPlayer/UnityEditor.Android.Extensions.dll
Register platform support module: C:/Program Files/Unity/Hub/Editor/2021.3.22f1/Editor/Data/PlaybackEngines/WindowsStandaloneSupport/UnityEditor.WindowsStandalone.Extensions.dll
Registered in 0.074741 seconds.
Native extension for WindowsStandalone target not found
Native extension for Android target not found
Android Extension - Scanning For ADB Devices 687 ms
Refreshing native plugins compatible for Editor in 94.76 ms, found 2 plugins.
Preloading 0 native plugins for Editor in 0.00 ms.
Mono: successfully reloaded assembly
- Completed reload, in  2.946 seconds
Domain Reload Profiling:
	ReloadAssembly (2946ms)
		BeginReloadAssembly (336ms)
			ExecutionOrderSort (0ms)
			DisableScriptedObjects (0ms)
			BackupInstance (0ms)
			ReleaseScriptingObjects (0ms)
			CreateAndSetChildDomain (1ms)
		EndReloadAssembly (1952ms)
			LoadAssemblies (331ms)
			RebuildTransferFunctionScriptingTraits (0ms)
			SetupTypeCache (375ms)
			ReleaseScriptCaches (0ms)
			RebuildScriptCaches (82ms)
			SetupLoadedEditorAssemblies (1252ms)
				LogAssemblyErrors (0ms)
				InitializePlatformSupportModulesInManaged (859ms)
				SetLoadedEditorAssemblies (0ms)
				RefreshPlugins (95ms)
				BeforeProcessingInitializeOnLoad (3ms)
				ProcessInitializeOnLoadAttributes (199ms)
				ProcessInitializeOnLoadMethodAttributes (96ms)
				AfterProcessingInitializeOnLoad (0ms)
				EditorAssembliesLoaded (0ms)
			ExecutionOrderSort2 (0ms)
			AwakeInstancesAfterBackupRestoration (0ms)
Platform modules already initialized, skipping
Registering precompiled user dll's ...
Registered in 0.001906 seconds.
Begin MonoManager ReloadAssembly
Native extension for WindowsStandalone target not found
Native extension for Android target not found
Refreshing native plugins compatible for Editor in 1.21 ms, found 2 plugins.
Preloading 0 native plugins for Editor in 0.00 ms.
Mono: successfully reloaded assembly
- Completed reload, in  1.788 seconds
Domain Reload Profiling:
	ReloadAssembly (1790ms)
		BeginReloadAssembly (292ms)
			ExecutionOrderSort (0ms)
			DisableScriptedObjects (7ms)
			BackupInstance (0ms)
			ReleaseScriptingObjects (0ms)
			CreateAndSetChildDomain (24ms)
		EndReloadAssembly (1253ms)
			LoadAssemblies (221ms)
			RebuildTransferFunctionScriptingTraits (0ms)
			SetupTypeCache (426ms)
			ReleaseScriptCaches (0ms)
			RebuildScriptCaches (97ms)
			SetupLoadedEditorAssemblies (495ms)
				LogAssemblyErrors (0ms)
				InitializePlatformSupportModulesInManaged (36ms)
				SetLoadedEditorAssemblies (1ms)
				RefreshPlugins (1ms)
				BeforeProcessingInitializeOnLoad (80ms)
				ProcessInitializeOnLoadAttributes (318ms)
				ProcessInitializeOnLoadMethodAttributes (39ms)
				AfterProcessingInitializeOnLoad (19ms)
				EditorAssembliesLoaded (0ms)
			ExecutionOrderSort2 (0ms)
			AwakeInstancesAfterBackupRestoration (21ms)
Platform modules already initialized, skipping
========================================================================
Worker process is ready to serve import requests
Launched and connected shader compiler UnityShaderCompiler.exe after 0.11 seconds
Refreshing native plugins compatible for Editor in 2.83 ms, found 2 plugins.
Preloading 0 native plugins for Editor in 0.00 ms.
Unloading 1392 Unused Serialized files (Serialized files now loaded: 0)
Unloading 16 unused Assets / (56.6 KB). Loaded Objects now: 1863.
Memory consumption went from 74.2 MB to 74.1 MB.
Total: 4.988200 ms (FindLiveObjects: 0.359300 ms CreateObjectMapping: 0.153700 ms MarkObjects: 4.358200 ms  DeleteObjects: 0.115800 ms)

AssetImportParameters requested are different than current active one (requested -> active):
  custom:video-decoder-ogg-theora: a1e56fd34408186e4bbccfd4996cb3dc -> 
  custom:container-muxer-webm: aa71ff27fc2769a1b78a27578f13a17b -> 
  custom:container-demuxer-webm: 4f35f7cbe854078d1ac9338744f61a02 -> 
  custom:video-encoder-webm-vp8: eb34c28f22e8b96e1ab97ce403110664 -> 
  custom:audio-encoder-webm-vorbis: bf7c407c2cedff20999df2af8eb42d56 -> 
  custom:framework-win-MediaFoundation: 216162199b28c13a410421893ffa2e32 -> 
  custom:container-demuxer-ogg: 62fdf1f143b41e24485cea50d1cbac27 -> 
  custom:video-decoder-webm-vp8: 9c59270c3fd7afecdb556c50c9e8de78 -> 
  custom:audio-decoder-ogg-vorbis: bf7c407c2cedff20999df2af8eb42d56 -> 
========================================================================
Received Import Request.
  Time since last request: 94960.813138 seconds.
  path: Assets/Shield01 Variant.prefab
  artifactKey: Guid(41ee8454430aa1f4da0568982900de89) Importer(815301076,1909f56bfc062723c751e8b465ee728b)
Start importing Assets/Shield01 Variant.prefab using Guid(41ee8454430aa1f4da0568982900de89) Importer(815301076,1909f56bfc062723c751e8b465ee728b)  -> (artifact id: '8fe8fb2ecc3cb10784d5b9a240fc510d') in 0.620103 seconds 
========================================================================
Received Import Request.
  Time since last request: 0.000023 seconds.
  path: Assets/Sword03 Variant.prefab
  artifactKey: Guid(94ce54c5c57e230439db8421af01bd22) Importer(815301076,1909f56bfc062723c751e8b465ee728b)
Start importing Assets/Sword03 Variant.prefab using Guid(94ce54c5c57e230439db8421af01bd22) Importer(815301076,1909f56bfc062723c751e8b465ee728b)  -> (artifact id: '4ccfad499088a45a9f394da9ef878283') in 0.020101 seconds 
========================================================================
Received Import Request.
  Time since last request: 0.000028 seconds.
  path: Assets/Shield04 Variant.prefab
  artifactKey: Guid(b8db9eba37edfa64eb7f078feda6bd7b) Importer(815301076,1909f56bfc062723c751e8b465ee728b)
Start importing Assets/Shield04 Variant.prefab using Guid(b8db9eba37edfa64eb7f078feda6bd7b) Importer(815301076,1909f56bfc062723c751e8b465ee728b)  -> (artifact id: 'ff54d9e2de7cdac44924868f9260241c') in 0.009676 seconds 
========================================================================
Received Import Request.
  Time since last request: 0.000021 seconds.
  path: Assets/Hammer01 Variant Variant.prefab
  artifactKey: Guid(44e57561fa8ccd04bb63a241bd4b379f) Importer(815301076,1909f56bfc062723c751e8b465ee728b)
Start importing Assets/Hammer01 Variant Variant.prefab using Guid(44e57561fa8ccd04bb63a241bd4b379f) Importer(815301076,1909f56bfc062723c751e8b465ee728b)  -> (artifact id: '7882865a6a58d18a5b556eef91be9501') in 0.019577 seconds 
========================================================================
Received Import Request.
  Time since last request: 0.000013 seconds.
  path: Assets/Slot.prefab
  artifactKey: Guid(2ee07867a57683f4b8ffcabcd5b2f7b4) Importer(815301076,1909f56bfc062723c751e8b465ee728b)
Start importing Assets/Slot.prefab using Guid(2ee07867a57683f4b8ffcabcd5b2f7b4) Importer(815301076,1909f56bfc062723c751e8b465ee728b)  -> (artifact id: '7b8b194b9fe973f063d851722c2ecd4f') in 0.011126 seconds 
========================================================================
Received Import Request.
  Time since last request: 0.000022 seconds.
  path: Assets/MiddleEft.asset
  artifactKey: Guid(422d97b10b9d8fc4bbcc3437b65fd3e6) Importer(815301076,1909f56bfc062723c751e8b465ee728b)
Start importing Assets/MiddleEft.asset using Guid(422d97b10b9d8fc4bbcc3437b65fd3e6) Importer(815301076,1909f56bfc062723c751e8b465ee728b)  -> (artifact id: 'f3e7e81b766e5772470dba504c436eb8') in 0.012367 seconds 
========================================================================
Received Import Request.
  Time since last request: 0.000023 seconds.
  path: Assets/Shield03 Variant.prefab
  artifactKey: Guid(4a3ec6ae47ef1ac409e3e834a1e7df68) Importer(815301076,1909f56bfc062723c751e8b465ee728b)
Start importing Assets/Shield03 Variant.prefab using Guid(4a3ec6ae47ef1ac409e3e834a1e7df68) Importer(815301076,1909f56bfc062723c751e8b465ee728b)  -> (artifact id: '1a588ac446583dc966d25a62dc8d1762') in 0.012297 seconds 
========================================================================
Received Import Request.
  Time since last request: 0.000024 seconds.
  path: Assets/Sword02 Variant.prefab
  artifactKey: Guid(1950518bec3e8f145bbe5f8d3bb2a242) Importer(815301076,1909f56bfc062723c751e8b465ee728b)
Start importing Assets/Sword02 Variant.prefab using Guid(1950518bec3e8f145bbe5f8d3bb2a242) Importer(815301076,1909f56bfc062723c751e8b465ee728b)  -> (artifact id: '62c75dc6b9da6d19da947615f9da3de1') in 0.016117 seconds 
========================================================================
Received Import Request.
  Time since last request: 0.000014 seconds.
  path: Assets/mace_rokas_hammer.png
  artifactKey: Guid(e74b967ac44ad5248be16bf6ec253010) Importer(815301076,1909f56bfc062723c751e8b465ee728b)
Start importing Assets/mace_rokas_hammer.png using Guid(e74b967ac44ad5248be16bf6ec253010) Importer(815301076,1909f56bfc062723c751e8b465ee728b)  -> (artifact id: '1a748911467f9eaca715332f8324e32b') in 0.052688 seconds 
========================================================================
Received Import Request.
  Time since last request: 0.000024 seconds.
  path: Assets/png-transparent-gold-shield-illustration-shield-gold-shield-free-weapon-metal-istock.png
  artifactKey: Guid(d8b43f23de52cda43b593366b0a15a2a) Importer(815301076,1909f56bfc062723c751e8b465ee728b)
Start importing Assets/png-transparent-gold-shield-illustration-shield-gold-shield-free-weapon-metal-istock.png using Guid(d8b43f23de52cda43b593366b0a15a2a) Importer(815301076,1909f56bfc062723c751e8b465ee728b)  -> (artifact id: '94cfe905e50c69ae3f2553a4ab150085') in 0.080514 seconds 
========================================================================
Received Prepare
Registering precompiled user dll's ...
Registered in 0.002126 seconds.
Begin MonoManager ReloadAssembly
Native extension for WindowsStandalone target not found
Native extension for Android target not found
Refreshing native plugins compatible for Editor in 0.87 ms, found 2 plugins.
Preloading 0 native plugins for Editor in 0.00 ms.
Mono: successfully reloaded assembly
- Completed reload, in  1.552 seconds
Domain Reload Profiling:
	ReloadAssembly (1552ms)
		BeginReloadAssembly (258ms)
			ExecutionOrderSort (0ms)
			DisableScriptedObjects (15ms)
			BackupInstance (0ms)
			ReleaseScriptingObjects (0ms)
			CreateAndSetChildDomain (39ms)
		EndReloadAssembly (1151ms)
			LoadAssemblies (187ms)
			RebuildTransferFunctionScriptingTraits (0ms)
			SetupTypeCache (278ms)
			ReleaseScriptCaches (1ms)
			RebuildScriptCaches (72ms)
			SetupLoadedEditorAssemblies (597ms)
				LogAssemblyErrors (0ms)
				InitializePlatformSupportModulesInManaged (72ms)
				SetLoadedEditorAssemblies (0ms)
				RefreshPlugins (1ms)
				BeforeProcessingInitializeOnLoad (86ms)
				ProcessInitializeOnLoadAttributes (355ms)
				ProcessInitializeOnLoadMethodAttributes (58ms)
				AfterProcessingInitializeOnLoad (25ms)
				EditorAssembliesLoaded (0ms)
			ExecutionOrderSort2 (0ms)
			AwakeInstancesAfterBackupRestoration (25ms)
Platform modules already initialized, skipping
Refreshing native plugins compatible for Editor in 1.31 ms, found 2 plugins.
Preloading 0 native plugins for Editor in 0.00 ms.
Unloading 1372 Unused Serialized files (Serialized files now loaded: 0)
Unloading 9 unused Assets / (24.6 KB). Loaded Objects now: 1879.
Memory consumption went from 76.0 MB to 76.0 MB.
Total: 3.287900 ms (FindLiveObjects: 0.170000 ms CreateObjectMapping: 0.077300 ms MarkObjects: 3.007700 ms  DeleteObjects: 0.031700 ms)

AssetImportParameters requested are different than current active one (requested -> active):
  custom:video-decoder-ogg-theora: a1e56fd34408186e4bbccfd4996cb3dc -> 
  custom:container-muxer-webm: aa71ff27fc2769a1b78a27578f13a17b -> 
  custom:container-demuxer-webm: 4f35f7cbe854078d1ac9338744f61a02 -> 
  custom:video-encoder-webm-vp8: eb34c28f22e8b96e1ab97ce403110664 -> 
  custom:audio-encoder-webm-vorbis: bf7c407c2cedff20999df2af8eb42d56 -> 
  custom:framework-win-MediaFoundation: 216162199b28c13a410421893ffa2e32 -> 
  custom:container-demuxer-ogg: 62fdf1f143b41e24485cea50d1cbac27 -> 
  custom:video-decoder-webm-vp8: 9c59270c3fd7afecdb556c50c9e8de78 -> 
  custom:audio-decoder-ogg-vorbis: bf7c407c2cedff20999df2af8eb42d56 -> 
